<?xml version="1.0" encoding="UTF-8"?>
<!-- Generated by org.testng.reporters.JUnitReportReporter -->
<testsuite hostname="DESKTOP-8HHNTGP" failures="0" tests="1" name="testNgKeyword.PriorityUse" time="0.012" errors="0" timestamp="2022-06-26T19:23:43 IST" skipped="0">
  <testcase classname="testNgKeyword.PriorityUse" name="a" time="0.012"/>
  <system-out>
    <![CDATA[a is running]]>
  </system-out>
</testsuite> <!-- testNgKeyword.PriorityUse -->
