<?xml version="1.0" encoding="UTF-8"?>
<!-- Generated by org.testng.reporters.JUnitReportReporter -->
<testsuite hostname="DESKTOP-8HHNTGP" failures="0" tests="3" name="testNgStudy.TimeOutOne" time="0.019" errors="0" timestamp="2022-06-27T18:10:31 IST" skipped="0">
  <testcase classname="testNgStudy.TimeOutOne" name="v" time="0.001"/>
  <system-out>
    <![CDATA[v is runing]]>
  </system-out>
  <testcase classname="testNgStudy.TimeOutOne" name="d" time="0.008"/>
  <system-out>
    <![CDATA[d is runing]]>
  </system-out>
  <testcase classname="testNgStudy.TimeOutOne" name="a" time="0.010"/>
  <system-out>
    <![CDATA[a is runing]]>
  </system-out>
</testsuite> <!-- testNgStudy.TimeOutOne -->
