<?xml version="1.0" encoding="UTF-8"?>
<!-- Generated by org.testng.reporters.JUnitReportReporter -->
<testsuite hostname="DESKTOP-8HHNTGP" failures="0" tests="3" name="testNgKeyword.MyTestClass2" time="0.014" errors="0" timestamp="2022-06-27T23:04:26 IST" skipped="0">
  <testcase classname="testNgKeyword.MyTestClass2" name="q" time="0.009"/>
  <system-out>
    <![CDATA[q is running, regression]]>
  </system-out>
  <testcase classname="testNgKeyword.MyTestClass2" name="s" time="0.002"/>
  <system-out>
    <![CDATA[s is running, regression]]>
  </system-out>
  <testcase classname="testNgKeyword.MyTestClass2" name="r" time="0.003"/>
  <system-out>
    <![CDATA[r is running, sanity]]>
  </system-out>
</testsuite> <!-- testNgKeyword.MyTestClass2 -->
