<?xml version="1.0" encoding="UTF-8"?>
<!-- Generated by org.testng.reporters.JUnitReportReporter -->
<testsuite hostname="DESKTOP-8HHNTGP" failures="0" tests="1" name="testNgStudy.AnnotationTest" time="0.006" errors="0" timestamp="2022-07-03T21:30:52 IST" skipped="0">
  <testcase classname="testNgStudy.AnnotationTest" name="Rechargephone" time="0.006"/>
  <system-out>
    <![CDATA[Recharge done]]>
  </system-out>
</testsuite> <!-- testNgStudy.AnnotationTest -->
