<?xml version="1.0" encoding="UTF-8"?>
<!-- Generated by org.testng.reporters.JUnitReportReporter -->
<testsuite hostname="DESKTOP-8HHNTGP" failures="0" tests="3" name="testNgKeyword.InvocationCountUse" time="0.019" errors="0" timestamp="2022-06-26T18:00:47 IST" skipped="0">
  <testcase classname="testNgKeyword.InvocationCountUse" name="nyTest" time="0.003"/>
  <system-out>
    <![CDATA[Hello]]>
  </system-out>
  <testcase classname="testNgKeyword.InvocationCountUse" name="nyTest" time="0.006"/>
  <system-out>
    <![CDATA[Hello]]>
  </system-out>
  <testcase classname="testNgKeyword.InvocationCountUse" name="nyTest" time="0.010"/>
  <system-out>
    <![CDATA[Hello]]>
  </system-out>
</testsuite> <!-- testNgKeyword.InvocationCountUse -->
