<?xml version="1.0" encoding="UTF-8"?>
<!-- Generated by org.testng.reporters.JUnitReportReporter -->
<testsuite hostname="DESKTOP-8HHNTGP" failures="0" tests="3" name="testNgKeyword.MytTestClass1" time="0.004" errors="0" timestamp="2022-06-27T23:04:26 IST" skipped="0">
  <testcase classname="testNgKeyword.MytTestClass1" name="d" time="0.002"/>
  <system-out>
    <![CDATA[d is running,REGRESSION]]>
  </system-out>
  <testcase classname="testNgKeyword.MytTestClass1" name="b" time="0.001"/>
  <system-out>
    <![CDATA[b is running regression]]>
  </system-out>
  <testcase classname="testNgKeyword.MytTestClass1" name="c" time="0.001"/>
  <system-out>
    <![CDATA[c is running,SANITY]]>
  </system-out>
</testsuite> <!-- testNgKeyword.MytTestClass1 -->
