<?xml version="1.0" encoding="UTF-8"?>
<!-- Generated by org.testng.reporters.JUnitReportReporter -->
<testsuite hostname="DESKTOP-8HHNTGP" failures="0" tests="1" name="parallelAndSerialExecution.ParallelTest2" time="14.626" errors="0" timestamp="2022-07-04T21:19:15 IST" skipped="0">
  <testcase classname="parallelAndSerialExecution.ParallelTest2" name="getURL" time="14.626"/>
  <system-out/>
</testsuite> <!-- parallelAndSerialExecution.ParallelTest2 -->
