<?xml version="1.0" encoding="UTF-8"?>
<!-- Generated by org.testng.reporters.JUnitReportReporter -->
<testsuite hostname="DESKTOP-8HHNTGP" failures="0" tests="1" name="kiteTest.ValidateKiteUserID" time="5.774" errors="0" timestamp="2022-07-06T16:59:07 IST" skipped="0">
  <testcase classname="kiteTest.ValidateKiteUserID" name="validateUserID" time="5.774"/>
  <system-out/>
</testsuite> <!-- kiteTest.ValidateKiteUserID -->
