<?xml version="1.0" encoding="UTF-8"?>
<!-- Generated by org.testng.reporters.JUnitReportReporter -->
<testsuite hostname="DESKTOP-8HHNTGP" failures="0" tests="2" name="testNgStudy.MyTestClass" time="25.082" errors="0" timestamp="2022-06-22T17:22:40 IST" skipped="0">
  <testcase classname="testNgStudy.MyTestClass" name="myMethod" time="7.320"/>
  <system-out>
    <![CDATA[Hi method is running this is reporter output
Hi method is running this is reporter output true]]>
  </system-out>
  <testcase classname="testNgStudy.MyTestClass" name="myMethod1" time="17.762"/>
  <system-out/>
</testsuite> <!-- testNgStudy.MyTestClass -->
