<?xml version="1.0" encoding="UTF-8"?>
<!-- Generated by org.testng.reporters.JUnitReportReporter -->
<testsuite hostname="DESKTOP-8HHNTGP" failures="0" tests="1" name="verificationUsingTestNg.AssertTrueUse" time="0.012" errors="0" timestamp="2022-06-29T15:26:24 IST" skipped="0">
  <testcase classname="verificationUsingTestNg.AssertTrueUse" name="myMethod" time="0.012"/>
  <system-out>
    <![CDATA[TC is passed value is false]]>
  </system-out>
</testsuite> <!-- verificationUsingTestNg.AssertTrueUse -->
