<?xml version="1.0" encoding="UTF-8"?>
<!-- Generated by org.testng.reporters.JUnitReportReporter -->
<testsuite hostname="DESKTOP-8HHNTGP" failures="0" tests="1" name="testNgStudy.AnnotationStudy" time="0.007" errors="0" timestamp="2022-06-22T22:57:18 IST" skipped="0">
  <testcase classname="testNgStudy.AnnotationStudy" name="ValidateUsreid" time="0.007"/>
  <system-out>
    <![CDATA[user ID validated]]>
  </system-out>
</testsuite> <!-- testNgStudy.AnnotationStudy -->
