<?xml version="1.0" encoding="UTF-8"?>
<!-- Generated by org.testng.reporters.JUnitReportReporter -->
<testsuite hostname="DESKTOP-8HHNTGP" failures="0" tests="2" name="crossBrowserTest.CrossBrowserTestNew" time="18.581" errors="0" timestamp="2022-07-05T15:26:48 IST" skipped="0">
  <testcase classname="crossBrowserTest.CrossBrowserTestNew" name="myMethod" time="9.879"/>
  <system-out/>
  <testcase classname="crossBrowserTest.CrossBrowserTestNew" name="myMethod" time="8.702"/>
  <system-out/>
</testsuite> <!-- crossBrowserTest.CrossBrowserTestNew -->
