<?xml version="1.0" encoding="UTF-8"?>
<!-- Generated by org.testng.reporters.JUnitReportReporter -->
<testsuite hostname="DESKTOP-8HHNTGP" failures="0" tests="1" name="crossBrowserTest.FirefoxTest" time="9.257" errors="0" timestamp="2022-07-03T21:50:52 IST" skipped="0">
  <testcase classname="crossBrowserTest.FirefoxTest" name="myMethod" time="9.257"/>
  <system-out/>
</testsuite> <!-- crossBrowserTest.FirefoxTest -->
