<?xml version="1.0" encoding="UTF-8"?>
<!-- Generated by org.testng.reporters.JUnitReportReporter -->
<testsuite hostname="DESKTOP-8HHNTGP" failures="0" tests="1" name="parallelAndSerialExecution.parallelTest1" time="6.066" errors="0" timestamp="2022-07-04T21:19:15 IST" skipped="0">
  <testcase classname="parallelAndSerialExecution.parallelTest1" name="getTitle" time="6.066"/>
  <system-out/>
</testsuite> <!-- parallelAndSerialExecution.parallelTest1 -->
