<?xml version="1.0" encoding="UTF-8"?>
<!-- Generated by org.testng.reporters.JUnitReportReporter -->
<testsuite hostname="DESKTOP-8HHNTGP" failures="0" tests="1" name="kitePOMusingTestNG.ValidateKiteAPPUsername" time="6.220" errors="0" timestamp="2022-07-05T21:13:33 IST" skipped="0">
  <testcase classname="kitePOMusingTestNG.ValidateKiteAPPUsername" name="validateUserName" time="6.220"/>
  <system-out>
    <![CDATA[validating User name
actual and expected UN are matching TC is passed]]>
  </system-out>
</testsuite> <!-- kitePOMusingTestNG.ValidateKiteAPPUsername -->
